#-----------------------------------------------------------
# Vivado v2024.2 (64-bit)
# SW Build 5239630 on Fri Nov 08 22:35:27 MST 2024
# IP Build 5239520 on Sun Nov 10 16:12:51 MST 2024
# SharedData Build 5239561 on Fri Nov 08 14:39:27 MST 2024
# Start of session at: Tue Jun  3 10:08:23 2025
# Process ID         : 19944
# Current directory  : C:/Users/Nastenka/Desktop/calculator complet/project_1/project_1
# Command line       : vivado.exe -gui_launcher_event rodinguilauncherevent21296 C:\Users\Nastenka\Desktop\calculator complet\project_1\project_1\project_1.xpr
# Log file           : C:/Users/Nastenka/Desktop/calculator complet/project_1/project_1/vivado.log
# Journal file       : C:/Users/Nastenka/Desktop/calculator complet/project_1/project_1\vivado.jou
# Running On         : DESKTOP-9J8NLNN
# Platform           : Windows Server 2016 or Windows 10
# Operating System   : 26100
# Processor Detail   : AMD Ryzen 7 7735HS with Radeon Graphics        
# CPU Frequency      : 3194 MHz
# CPU Physical cores : 8
# CPU Logical cores  : 16
# Host memory        : 14286 MB
# Swap memory        : 6174 MB
# Total Virtual      : 20460 MB
# Available Virtual  : 8963 MB
#-----------------------------------------------------------
start_gui
open_project {C:/Users/Nastenka/Desktop/calculator complet/project_1/project_1/project_1.xpr}
INFO: [Project 1-313] Project file moved from 'C:/Users/laurg/Desktop/project_1' since last save.
WARNING: [filemgmt 56-2] Board Part Repository Path: Could not find the directory 'C:/Users/Nastenka/Desktop/calculator complet/AppData/Roaming/Xilinx/Vivado/2024.2/xhub/board_store/xilinx_board_store', nor could it be found using path 'C:/Users/laurg/AppData/Roaming/Xilinx/Vivado/2024.2/xhub/board_store/xilinx_board_store'.
INFO: [filemgmt 56-3] Default IP Output Path : Could not find the directory 'C:/Users/Nastenka/Desktop/calculator complet/project_1/project_1/project_1.gen/sources_1'.
Scanning sources...
Finished scanning sources
INFO: [IP_Flow 19-234] Refreshing IP repositories
INFO: [IP_Flow 19-1704] No user IP repositories specified
INFO: [IP_Flow 19-2313] Loaded Vivado IP repository 'C:/Xilinx/Vivado/2024.2/data/ip'.
open_project: Time (s): cpu = 00:00:17 ; elapsed = 00:00:06 . Memory (MB): peak = 1121.168 ; gain = 60.312
update_compile_order -fileset sources_1
reset_run synth_1
INFO: [Project 1-1161] Replacing file C:/Users/Nastenka/Desktop/calculator complet/project_1/project_1/project_1.srcs/utils_1/imports/synth_1/calculator_buzunar.dcp with file C:/Users/Nastenka/Desktop/calculator complet/project_1/project_1/project_1.runs/synth_1/calculator_buzunar.dcp
launch_runs synth_1 -jobs 8
[Tue Jun  3 10:09:21 2025] Launched synth_1...
Run output will be captured here: C:/Users/Nastenka/Desktop/calculator complet/project_1/project_1/project_1.runs/synth_1/runme.log
launch_runs impl_1 -jobs 8
[Tue Jun  3 10:10:55 2025] Launched impl_1...
Run output will be captured here: C:/Users/Nastenka/Desktop/calculator complet/project_1/project_1/project_1.runs/impl_1/runme.log
launch_runs impl_1 -to_step write_bitstream -jobs 8
[Tue Jun  3 10:12:57 2025] Launched impl_1...
Run output will be captured here: C:/Users/Nastenka/Desktop/calculator complet/project_1/project_1/project_1.runs/impl_1/runme.log
open_hw_manager
connect_hw_server -allow_non_jtag
INFO: [Labtools 27-2285] Connecting to hw_server url TCP:localhost:3121
INFO: [Labtools 27-2222] Launching hw_server...
INFO: [Labtools 27-2221] Launch Output:

****** Xilinx hw_server v2024.2
  **** Build date : Oct 29 2024 at 10:25:41
    ** Copyright 1986-2022 Xilinx, Inc. All Rights Reserved.


INFO: [Labtools 27-3415] Connecting to cs_server url TCP:localhost:0
INFO: [Labtools 27-3417] Launching cs_server...
INFO: [Labtools 27-2221] Launch Output:


******** Xilinx cs_server v2024.2.0
  ****** Build date   : Oct 30 2024-20:19:07
    **** Build number : 2024.2.1730312347
      ** Copyright 2017-2022 Xilinx, Inc. All Rights Reserved.
      ** Copyright 2022-2025 Advanced Micro Devices, Inc. All Rights Reserved.



connect_hw_server: Time (s): cpu = 00:00:02 ; elapsed = 00:00:09 . Memory (MB): peak = 1165.875 ; gain = 0.000
open_hw_target
INFO: [Labtoolstcl 44-466] Opening hw_target localhost:3121/xilinx_tcf/Digilent/210183AB3B07A
set_property PROGRAM.FILE {C:/Users/Nastenka/Desktop/calculator complet/project_1/project_1/project_1.runs/impl_1/calculator_buzunar.bit} [get_hw_devices xc7a35t_0]
current_hw_device [get_hw_devices xc7a35t_0]
refresh_hw_device -update_hw_probes false [lindex [get_hw_devices xc7a35t_0] 0]
INFO: [Labtools 27-1435] Device xc7a35t (JTAG device index = 0) is not programmed (DONE status = 0).
set_property PROBES.FILE {} [get_hw_devices xc7a35t_0]
set_property FULL_PROBES.FILE {} [get_hw_devices xc7a35t_0]
set_property PROGRAM.FILE {C:/Users/Nastenka/Desktop/calculator complet/project_1/project_1/project_1.runs/impl_1/calculator_buzunar.bit} [get_hw_devices xc7a35t_0]
program_hw_devices [get_hw_devices xc7a35t_0]
INFO: [Labtools 27-3164] End of startup status: HIGH
refresh_hw_device [lindex [get_hw_devices xc7a35t_0] 0]
INFO: [Labtools 27-1434] Device xc7a35t (JTAG device index = 0) is programmed with a design that has no supported debug core(s) in it.
close_hw_manager
exit
INFO: [Common 17-206] Exiting Vivado at Tue Jun  3 10:51:29 2025...
